<?xml version="1.0" encoding="UTF-8"?>
<!-- Generated by org.testng.reporters.JUnitReportReporter -->
<testsuite hostname="DESKTOP-IV1OATF" failures="0" tests="1" name="driverFactory.AppTest" time="24.854" errors="0" timestamp="2023-02-23T03:28:49 GMT-08:00" skipped="0">
  <testcase classname="driverFactory.AppTest" name="kickstart" time="24.854"/>
  <system-out/>
</testsuite> <!-- driverFactory.AppTest -->
